{"/home/asbjorn/IdeaProjects/tennerogtrivsel2/src/__mocks__/astroContent.ts": {"path":"/home/asbjorn/IdeaProjects/tennerogtrivsel2/src/__mocks__/astroContent.ts","statementMap":{"0":{"start":{"line":5,"column":29},"end":{"line":14,"column":null}},"1":{"start":{"line":10,"column":2},"end":{"line":12,"column":null}},"2":{"start":{"line":13,"column":2},"end":{"line":13,"column":null}}},"fnMap":{"0":{"name":"(anonymous_0)","decl":{"start":{"line":5,"column":29},"end":{"line":5,"column":36}},"loc":{"start":{"line":5,"column":63},"end":{"line":14,"column":null}},"line":5}},"branchMap":{},"s":{"0":1,"1":0,"2":0},"f":{"0":0},"b":{},"meta":{"lastBranch":0,"lastFunction":1,"lastStatement":3,"seen":{"s:5:29:14:Infinity":0,"f:5:29:5:36":0,"s:10:2:12:Infinity":1,"s:13:2:13:Infinity":2}}}
,"/home/asbjorn/IdeaProjects/tennerogtrivsel2/src/scripts/getSettings.ts": {"path":"/home/asbjorn/IdeaProjects/tennerogtrivsel2/src/scripts/getSettings.ts","statementMap":{"0":{"start":{"line":4,"column":53},"end":{"line":21,"column":null}},"1":{"start":{"line":24,"column":4},"end":{"line":38,"column":null}},"2":{"start":{"line":25,"column":24},"end":{"line":25,"column":null}},"3":{"start":{"line":27,"column":32},"end":{"line":27,"column":null}},"4":{"start":{"line":27,"column":72},"end":{"line":27,"column":100}},"5":{"start":{"line":30,"column":8},"end":{"line":33,"column":null}},"6":{"start":{"line":36,"column":8},"end":{"line":36,"column":null}},"7":{"start":{"line":37,"column":8},"end":{"line":37,"column":null}}},"fnMap":{"0":{"name":"getSiteSettings","decl":{"start":{"line":23,"column":22},"end":{"line":23,"column":40}},"loc":{"start":{"line":23,"column":40},"end":{"line":39,"column":null}},"line":23},"1":{"name":"(anonymous_1)","decl":{"start":{"line":27,"column":63},"end":{"line":27,"column":72}},"loc":{"start":{"line":27,"column":72},"end":{"line":27,"column":100}},"line":27}},"branchMap":{},"s":{"0":1,"1":5,"2":5,"3":4,"4":6,"5":4,"6":1,"7":1},"f":{"0":5,"1":6},"b":{},"meta":{"lastBranch":0,"lastFunction":2,"lastStatement":8,"seen":{"s:4:53:21:Infinity":0,"f:23:22:23:40":0,"s:24:4:38:Infinity":1,"s:25:24:25:Infinity":2,"s:27:32:27:Infinity":3,"f:27:63:27:72":1,"s:27:72:27:100":4,"s:30:8:33:Infinity":5,"s:36:8:36:Infinity":6,"s:37:8:37:Infinity":7}}}
}
