{"/home/asbjorn/IdeaProjects/tennerogtrivsel2/src/__mocks__/astroContent.ts": {"path":"/home/asbjorn/IdeaProjects/tennerogtrivsel2/src/__mocks__/astroContent.ts","statementMap":{"0":{"start":{"line":5,"column":29},"end":{"line":14,"column":null}},"1":{"start":{"line":10,"column":2},"end":{"line":12,"column":null}},"2":{"start":{"line":13,"column":2},"end":{"line":13,"column":null}}},"fnMap":{"0":{"name":"(anonymous_0)","decl":{"start":{"line":5,"column":29},"end":{"line":5,"column":36}},"loc":{"start":{"line":5,"column":63},"end":{"line":14,"column":null}},"line":5}},"branchMap":{},"s":{"0":1,"1":0,"2":0},"f":{"0":0},"b":{},"meta":{"lastBranch":0,"lastFunction":1,"lastStatement":3,"seen":{"s:5:29:14:Infinity":0,"f:5:29:5:36":0,"s:10:2:12:Infinity":1,"s:13:2:13:Infinity":2}}}
,"/home/asbjorn/IdeaProjects/tennerogtrivsel2/src/scripts/getSettings.ts": {"path":"/home/asbjorn/IdeaProjects/tennerogtrivsel2/src/scripts/getSettings.ts","statementMap":{"0":{"start":{"line":4,"column":53},"end":{"line":21,"column":null}},"1":{"start":{"line":24,"column":4},"end":{"line":38,"column":null}},"2":{"start":{"line":25,"column":24},"end":{"line":25,"column":null}},"3":{"start":{"line":27,"column":32},"end":{"line":27,"column":null}},"4":{"start":{"line":27,"column":72},"end":{"line":27,"column":100}},"5":{"start":{"line":30,"column":8},"end":{"line":33,"column":null}},"6":{"start":{"line":36,"column":8},"end":{"line":36,"column":null}},"7":{"start":{"line":37,"column":8},"end":{"line":37,"column":null}}},"fnMap":{"0":{"name":"getSiteSettings","decl":{"start":{"line":23,"column":22},"end":{"line":23,"column":40}},"loc":{"start":{"line":23,"column":40},"end":{"line":39,"column":null}},"line":23},"1":{"name":"(anonymous_1)","decl":{"start":{"line":27,"column":63},"end":{"line":27,"column":72}},"loc":{"start":{"line":27,"column":72},"end":{"line":27,"column":100}},"line":27}},"branchMap":{},"s":{"0":1,"1":5,"2":5,"3":4,"4":6,"5":4,"6":1,"7":1},"f":{"0":5,"1":6},"b":{},"meta":{"lastBranch":0,"lastFunction":2,"lastStatement":8,"seen":{"s:4:53:21:Infinity":0,"f:23:22:23:40":0,"s:24:4:38:Infinity":1,"s:25:24:25:Infinity":2,"s:27:32:27:Infinity":3,"f:27:63:27:72":1,"s:27:72:27:100":4,"s:30:8:33:Infinity":5,"s:36:8:36:Infinity":6,"s:37:8:37:Infinity":7}}}
,"/home/asbjorn/IdeaProjects/tennerogtrivsel2/src/scripts/textFormatter.js": {"path":"/home/asbjorn/IdeaProjects/tennerogtrivsel2/src/scripts/textFormatter.js","statementMap":{"0":{"start":{"line":4,"column":4},"end":{"line":4,"column":null}},"1":{"start":{"line":4,"column":18},"end":{"line":4,"column":null}},"2":{"start":{"line":6,"column":23},"end":{"line":6,"column":79}},"3":{"start":{"line":10,"column":31},"end":{"line":28,"column":14}},"4":{"start":{"line":30,"column":24},"end":{"line":31,"column":137}},"5":{"start":{"line":33,"column":4},"end":{"line":36,"column":null}},"6":{"start":{"line":34,"column":28},"end":{"line":34,"column":50}},"7":{"start":{"line":35,"column":8},"end":{"line":35,"column":null}},"8":{"start":{"line":38,"column":4},"end":{"line":38,"column":null}}},"fnMap":{"0":{"name":"formatInfoText","decl":{"start":{"line":3,"column":16},"end":{"line":3,"column":30}},"loc":{"start":{"line":3,"column":40},"end":{"line":39,"column":null}},"line":3},"1":{"name":"(anonymous_1)","decl":{"start":{"line":33,"column":62},"end":{"line":33,"column":63}},"loc":{"start":{"line":33,"column":77},"end":{"line":36,"column":5}},"line":33}},"branchMap":{"0":{"loc":{"start":{"line":4,"column":4},"end":{"line":4,"column":null}},"type":"if","locations":[{"start":{"line":4,"column":4},"end":{"line":4,"column":null}},{"start":{},"end":{}}],"line":4}},"s":{"0":17,"1":3,"2":14,"3":14,"4":14,"5":14,"6":9,"7":9,"8":14},"f":{"0":17,"1":9},"b":{"0":[3,14]},"meta":{"lastBranch":1,"lastFunction":2,"lastStatement":9,"seen":{"f:3:16:3:30":0,"b:4:4:4:Infinity:undefined:undefined:undefined:undefined":0,"s:4:4:4:Infinity":0,"s:4:18:4:Infinity":1,"s:6:23:6:79":2,"s:10:31:28:14":3,"s:30:24:31:137":4,"s:33:4:36:Infinity":5,"f:33:62:33:63":1,"s:34:28:34:50":6,"s:35:8:35:Infinity":7,"s:38:4:38:Infinity":8}}}
}
